<?xml version="1.0" encoding="UTF-8"?>
<testng-results ignored="0" total="1" passed="1" failed="0" skipped="0">
  <reporter-output>
  </reporter-output>
  <suite started-at="2024-02-16T10:54:56 IST" name="Suite" finished-at="2024-02-16T10:55:43 IST" duration-ms="46592">
    <groups>
    </groups>
    <test started-at="2024-02-16T10:54:56 IST" name="Test" finished-at="2024-02-16T10:55:43 IST" duration-ms="46592">
      <class name="com.automation.testCases.DashBoardTest">
        <test-method is-config="true" signature="setup()[pri:0, instance:com.automation.testCases.DashBoardTest@402bba4f]" started-at="2024-02-16T10:54:56 IST" name="setup" finished-at="2024-02-16T10:55:06 IST" duration-ms="10007" status="PASS">
          <reporter-output>
          </reporter-output>
        </test-method> <!-- setup -->
        <test-method signature="dashboardsetup()[pri:0, instance:com.automation.testCases.DashBoardTest@402bba4f]" started-at="2024-02-16T10:55:06 IST" name="dashboardsetup" finished-at="2024-02-16T10:55:43 IST" duration-ms="36160" status="PASS">
          <reporter-output>
          </reporter-output>
        </test-method> <!-- dashboardsetup -->
        <test-method is-config="true" signature="teardown()[pri:0, instance:com.automation.testCases.DashBoardTest@402bba4f]" started-at="2024-02-16T10:55:43 IST" name="teardown" finished-at="2024-02-16T10:55:43 IST" duration-ms="218" status="PASS">
          <reporter-output>
          </reporter-output>
        </test-method> <!-- teardown -->
      </class> <!-- com.automation.testCases.DashBoardTest -->
    </test> <!-- Test -->
  </suite> <!-- Suite -->
</testng-results>
