<?xml version="1.0" encoding="UTF-8"?>
<testng-results ignored="0" total="1" passed="1" failed="0" skipped="0">
  <reporter-output>
  </reporter-output>
  <suite started-at="2024-04-18T18:34:05 IST" name="Suite" finished-at="2024-04-18T18:34:54 IST" duration-ms="49166">
    <groups>
    </groups>
    <test started-at="2024-04-18T18:34:05 IST" name="Test" finished-at="2024-04-18T18:34:54 IST" duration-ms="49166">
      <class name="com.automation.testCases.DashBoardTest">
        <test-method is-config="true" signature="setup()[pri:0, instance:com.automation.testCases.DashBoardTest@5bf0d49]" started-at="2024-04-18T18:34:05 IST" name="setup" finished-at="2024-04-18T18:34:16 IST" duration-ms="11138" status="PASS">
          <reporter-output>
          </reporter-output>
        </test-method> <!-- setup -->
        <test-method signature="dashboardsetup()[pri:0, instance:com.automation.testCases.DashBoardTest@5bf0d49]" started-at="2024-04-18T18:34:16 IST" name="dashboardsetup" finished-at="2024-04-18T18:34:54 IST" duration-ms="37535" status="PASS">
          <reporter-output>
          </reporter-output>
        </test-method> <!-- dashboardsetup -->
        <test-method is-config="true" signature="teardown()[pri:0, instance:com.automation.testCases.DashBoardTest@5bf0d49]" started-at="2024-04-18T18:34:54 IST" name="teardown" finished-at="2024-04-18T18:34:54 IST" duration-ms="201" status="PASS">
          <reporter-output>
          </reporter-output>
        </test-method> <!-- teardown -->
      </class> <!-- com.automation.testCases.DashBoardTest -->
    </test> <!-- Test -->
  </suite> <!-- Suite -->
</testng-results>
